<?xml version="1.0" encoding="UTF-8"?>
<!-- Generated by org.testng.reporters.JUnitReportReporter -->
<testsuite skipped="0" hostname="DESKTOP-6OGNLB6" name="Parallel" tests="1" failures="0" timestamp="28 Sep 2018 19:33:02 GMT" time="0.000" errors="0">
  <testcase name="f" time="0.000" classname="Parallel"/>
</testsuite> <!-- Parallel -->
