<?xml version="1.0" encoding="UTF-8"?>
<!-- Generated by org.testng.reporters.JUnitReportReporter -->
<testsuite skipped="0" hostname="DESKTOP-6OGNLB6" name="test.Parallel" tests="2" failures="0" timestamp="28 Sep 2018 20:21:46 GMT" time="0.009" errors="0">
  <testcase name="test" time="0.005" classname="test.Parallel"/>
  <testcase name="test2" time="0.004" classname="test.Parallel"/>
</testsuite> <!-- test.Parallel -->
