<?xml version="1.0" encoding="UTF-8"?>
<!-- Generated by org.testng.reporters.JUnitReportReporter -->
<testsuite skipped="0" hostname="DESKTOP-6OGNLB6" name="test.VerifyText" tests="1" failures="0" timestamp="29 Sep 2018 02:15:42 GMT" time="0.130" errors="0">
  <testcase name="verifyText" time="0.130" classname="test.VerifyText"/>
</testsuite> <!-- test.VerifyText -->
