<?xml version="1.0" encoding="UTF-8"?>
<!-- Generated by org.testng.reporters.JUnitReportReporter -->
<testsuite skipped="0" hostname="DESKTOP-6OGNLB6" name="test.Parallel" tests="2" failures="0" timestamp="29 Sep 2018 02:03:39 GMT" time="0.015" errors="0">
  <testcase name="test" time="0.002" classname="test.Parallel"/>
  <testcase name="test" time="0.013" classname="test.Parallel"/>
</testsuite> <!-- test.Parallel -->
