<?xml version="1.0" encoding="UTF-8"?>
<!-- Generated by org.testng.reporters.JUnitReportReporter -->
<testsuite skipped="0" hostname="DESKTOP-6OGNLB6" name="test.MultipleTest" tests="3" failures="0" timestamp="29 Sep 2018 02:03:39 GMT" time="0.009" errors="0">
  <testcase name="logOut" time="0.004" classname="test.MultipleTest"/>
  <testcase name="setup" time="0.003" classname="test.MultipleTest"/>
  <testcase name="f" time="0.002" classname="test.MultipleTest"/>
</testsuite> <!-- test.MultipleTest -->
